<?xml version="1.0" encoding="UTF-8"?>
<testsuite xmlns:xsi="http://www.w3.org/2001/XMLSchema-instance" xsi:noNamespaceSchemaLocation="https://maven.apache.org/surefire/maven-surefire-plugin/xsd/surefire-test-report.xsd" version="3.0.2" name="org.bayat.crudpreparedstatement.CrudpreparedstatementApplicationTests" time="3.28" tests="1" errors="0" skipped="0" failures="0">
  <properties>
[...]
</properties>
  <testcase name="contextLoads" classname="org.bayat.crudpreparedstatement.CrudpreparedstatementApplicationTests" time="0.796">
    <system-out><![CDATA[14:46:29.485 [main] INFO org.springframework.test.context.support.AnnotationConfigContextLoaderUtils -- Could not detect default configuration classes for test class [org.bayat.crudpreparedstatement.CrudpreparedstatementApplicationTests]: CrudpreparedstatementApplicationTests does not declare any static, non-private, non-final, nested classes annotated with @Configuration.
14:46:29.601 [main] INFO org.springframework.boot.test.context.SpringBootTestContextBootstrapper -- Found @SpringBootConfiguration org.bayat.crudpreparedstatement.CrudpreparedstatementApplication for test class org.bayat.crudpreparedstatement.CrudpreparedstatementApplicationTests

  .   ____          _            __ _ _
 /\\ / ___'_ __ _ _(_)_ __  __ _ \ \ \ \
( ( )\___ | '_ | '_| | '_ \/ _` | \ \ \ \
 \\/  ___)| |_)| | | | | || (_| |  ) ) ) )
  '  |____| .__|_| |_|_| |_\__, | / / / /
 =========|_|==============|___/=/_/_/_/

 :: Spring Boot ::                (v3.4.3)

2025-03-17T14:46:29.993+03:30  INFO 11224 --- [crudpreparedstatement] [           main] .c.CrudpreparedstatementApplicationTests : Starting CrudpreparedstatementApplicationTests using Java 21.0.2 with PID 11224 (started by n_bayat in D:\projects\crudpreparedstatement)
2025-03-17T14:46:29.994+03:30  INFO 11224 --- [crudpreparedstatement] [           main] .c.CrudpreparedstatementApplicationTests : No active profile set, falling back to 1 default profile: "default"
2025-03-17T14:46:30.567+03:30  INFO 11224 --- [crudpreparedstatement] [           main] .s.d.r.c.RepositoryConfigurationDelegate : Bootstrapping Spring Data JDBC repositories in DEFAULT mode.
2025-03-17T14:46:30.584+03:30  INFO 11224 --- [crudpreparedstatement] [           main] .s.d.r.c.RepositoryConfigurationDelegate : Finished Spring Data repository scanning in 11 ms. Found 0 JDBC repository interfaces.
2025-03-17T14:46:31.407+03:30  INFO 11224 --- [crudpreparedstatement] [           main] com.zaxxer.hikari.HikariDataSource       : HikariPool-1 - Starting...
2025-03-17T14:46:31.619+03:30  INFO 11224 --- [crudpreparedstatement] [           main] com.zaxxer.hikari.pool.HikariPool        : HikariPool-1 - Added connection org.postgresql.jdbc.PgConnection@7d66e544
2025-03-17T14:46:31.620+03:30  INFO 11224 --- [crudpreparedstatement] [           main] com.zaxxer.hikari.HikariDataSource       : HikariPool-1 - Start completed.
2025-03-17T14:46:31.818+03:30  INFO 11224 --- [crudpreparedstatement] [           main] .c.CrudpreparedstatementApplicationTests : Started CrudpreparedstatementApplicationTests in 2.067 seconds (process running for 2.94)
]]></system-out>
    <system-err><![CDATA[Mockito is currently self-attaching to enable the inline-mock-maker. This will no longer work in future releases of the JDK. Please add Mockito as an agent to your build what is described in Mockito's documentation: https://javadoc.io/doc/org.mockito/mockito-core/latest/org/mockito/Mockito.html#0.3
WARNING: A Java agent has been loaded dynamically (D:\.m2\repository\net\bytebuddy\byte-buddy-agent\1.15.11\byte-buddy-agent-1.15.11.jar)
WARNING: If a serviceability tool is in use, please run with -XX:+EnableDynamicAgentLoading to hide this warning
WARNING: If a serviceability tool is not in use, please run with -Djdk.instrument.traceUsage for more information
WARNING: Dynamic loading of agents will be disallowed by default in a future release
]]></system-err>
  </testcase>
</testsuite>